[debug] [2020-03-10T15:48:43.206Z] ----------------------------------------------------------------------
[debug] [2020-03-10T15:48:43.208Z] Command:       /usr/local/bin/firebase /Users/kimhyeonsu/.cache/firebase/tools/lib/node_modules/firebase-tools/lib/bin/firebase init
[debug] [2020-03-10T15:48:43.208Z] CLI Version:   7.13.1
[debug] [2020-03-10T15:48:43.208Z] Platform:      darwin
[debug] [2020-03-10T15:48:43.208Z] Node Version:  v12.13.1
[debug] [2020-03-10T15:48:43.214Z] Time:          Wed Mar 11 2020 00:48:43 GMT+0900 (GMT+09:00)
[debug] [2020-03-10T15:48:43.214Z] ----------------------------------------------------------------------
[debug] [2020-03-10T15:48:43.214Z] 
[debug] [2020-03-10T15:48:43.225Z] > command requires scopes: ["email","openid","https://www.googleapis.com/auth/cloudplatformprojects.readonly","https://www.googleapis.com/auth/firebase","https://www.googleapis.com/auth/cloud-platform"]
[debug] [2020-03-10T15:48:43.225Z] > authorizing via signed-in user
[info] 
     ######## #### ########  ######## ########     ###     ######  ########
     ##        ##  ##     ## ##       ##     ##  ##   ##  ##       ##
     ######    ##  ########  ######   ########  #########  ######  ######
     ##        ##  ##    ##  ##       ##     ## ##     ##       ## ##
     ##       #### ##     ## ######## ########  ##     ##  ######  ########

You're about to initialize a Firebase project in this directory:

  /Users/kimhyeonsu/firebase-tutorial

Before we get started, keep in mind:

  * You are initializing in an existing Firebase project directory

[debug] [2020-03-10T15:50:18.070Z] TypeError: Cannot read property 'setRawMode' of null
    at ReadStream.setRawMode (tty.js:71:28)
    at Interface._setRawMode (readline.js:277:16)
    at Interface.close (readline.js:400:10)
    at ReadStream.ontermend (readline.js:187:10)
    at ReadStream.emit (events.js:215:7)
    at ReadStream.EventEmitter.emit (domain.js:475:20)
    at endReadableNT (_stream_readable.js:1184:12)
    at processTicksAndRejections (internal/process/task_queues.js:80:21)
